<?xml version="1.0" encoding="UTF-8"?>
<!-- Generated by org.testng.reporters.JUnitReportReporter -->
<testsuite skipped="0" hostname="BLR2QALP0104" name="com.Tests.SampleTest" tests="5" failures="0" timestamp="01 Apr 2019 07:37:12 GMT" time="47.328" errors="0">
  <testcase name="SignInTest" time="7.135" classname="com.Tests.SampleTest"/>
  <testcase name="AddHeadPhone" time="15.604" classname="com.Tests.SampleTest"/>
  <testcase name="AddMacbook" time="11.933" classname="com.Tests.SampleTest"/>
  <testcase name="reduceproductQuantity" time="10.826" classname="com.Tests.SampleTest"/>
  <testcase name="SignOutTest" time="1.830" classname="com.Tests.SampleTest"/>
</testsuite> <!-- com.Tests.SampleTest -->
